  OpenCVApplication.cpp
C:\Users\Alexandru Andercou\Desktop\srf1.2\OpenCVApplication-VS2015_31_basic\OpenCVApplication-VS2015_31_basic\OpenCVApplication.cpp(442,18): warning C4244: '=': conversion from 'float' to 'int', possible loss of data
C:\Users\Alexandru Andercou\Desktop\srf1.2\OpenCVApplication-VS2015_31_basic\OpenCVApplication-VS2015_31_basic\OpenCVApplication.cpp(444,17): warning C4244: '=': conversion from 'float' to 'int', possible loss of data
C:\Users\Alexandru Andercou\Desktop\srf1.2\OpenCVApplication-VS2015_31_basic\OpenCVApplication-VS2015_31_basic\OpenCVApplication.cpp(453,109): warning C4244: '=': conversion from 'double' to 'float', possible loss of data
C:\Users\Alexandru Andercou\Desktop\srf1.2\OpenCVApplication-VS2015_31_basic\OpenCVApplication-VS2015_31_basic\OpenCVApplication.cpp(454,16): warning C4244: '=': conversion from 'double' to 'float', possible loss of data
C:\Users\Alexandru Andercou\Desktop\srf1.2\OpenCVApplication-VS2015_31_basic\OpenCVApplication-VS2015_31_basic\OpenCVApplication.cpp(484,22): warning C4244: 'argument': conversion from 'float' to '_Tp', possible loss of data
          with
          [
              _Tp=int
          ]
C:\Users\Alexandru Andercou\Desktop\srf1.2\OpenCVApplication-VS2015_31_basic\OpenCVApplication-VS2015_31_basic\OpenCVApplication.cpp(484,44): warning C4244: 'argument': conversion from 'float' to '_Tp', possible loss of data
          with
          [
              _Tp=int
          ]
C:\Users\Alexandru Andercou\Desktop\srf1.2\OpenCVApplication-VS2015_31_basic\OpenCVApplication-VS2015_31_basic\OpenCVApplication.cpp(493,21): warning C4554: '&': check operator precedence for possible error; use parentheses to clarify precedence
C:\Users\Alexandru Andercou\Desktop\srf1.2\OpenCVApplication-VS2015_31_basic\OpenCVApplication-VS2015_31_basic\OpenCVApplication.cpp(495,26): warning C4244: 'argument': conversion from 'float' to '_Tp', possible loss of data
          with
          [
              _Tp=int
          ]
C:\Users\Alexandru Andercou\Desktop\srf1.2\OpenCVApplication-VS2015_31_basic\OpenCVApplication-VS2015_31_basic\OpenCVApplication.cpp(495,23): warning C4244: 'argument': conversion from 'float' to '_Tp', possible loss of data
          with
          [
              _Tp=int
          ]
C:\Users\Alexandru Andercou\Desktop\srf1.2\OpenCVApplication-VS2015_31_basic\OpenCVApplication-VS2015_31_basic\OpenCVApplication.cpp(496,27): warning C4244: 'argument': conversion from 'float' to '_Tp', possible loss of data
          with
          [
              _Tp=int
          ]
C:\Users\Alexandru Andercou\Desktop\srf1.2\OpenCVApplication-VS2015_31_basic\OpenCVApplication-VS2015_31_basic\OpenCVApplication.cpp(496,24): warning C4244: 'argument': conversion from 'float' to '_Tp', possible loss of data
          with
          [
              _Tp=int
          ]
C:\Users\Alexandru Andercou\Desktop\srf1.2\OpenCVApplication-VS2015_31_basic\OpenCVApplication-VS2015_31_basic\OpenCVApplication.cpp(505,11): warning C4244: 'initializing': conversion from 'float' to 'int', possible loss of data
C:\Users\Alexandru Andercou\Desktop\srf1.2\OpenCVApplication-VS2015_31_basic\OpenCVApplication-VS2015_31_basic\OpenCVApplication.cpp(524,11): warning C4244: 'initializing': conversion from 'float' to 'int', possible loss of data
C:\Users\Alexandru Andercou\Desktop\srf1.2\OpenCVApplication-VS2015_31_basic\OpenCVApplication-VS2015_31_basic\OpenCVApplication.cpp(567,17): warning C4305: 'initializing': truncation from 'double' to 'float'
C:\Users\Alexandru Andercou\Desktop\srf1.2\OpenCVApplication-VS2015_31_basic\OpenCVApplication-VS2015_31_basic\OpenCVApplication.cpp(588,20): warning C4267: '=': conversion from 'size_t' to 'int', possible loss of data
C:\Users\Alexandru Andercou\Desktop\srf1.2\OpenCVApplication-VS2015_31_basic\OpenCVApplication-VS2015_31_basic\OpenCVApplication.cpp(597,11): warning C4305: '=': truncation from 'double' to 'float'
C:\Users\Alexandru Andercou\Desktop\srf1.2\OpenCVApplication-VS2015_31_basic\OpenCVApplication-VS2015_31_basic\OpenCVApplication.cpp(599,11): warning C4305: '=': truncation from 'double' to 'float'
C:\Users\Alexandru Andercou\Desktop\srf1.2\OpenCVApplication-VS2015_31_basic\OpenCVApplication-VS2015_31_basic\OpenCVApplication.cpp(600,18): warning C4244: '=': conversion from 'double' to 'int', possible loss of data
C:\Users\Alexandru Andercou\Desktop\srf1.2\OpenCVApplication-VS2015_31_basic\OpenCVApplication-VS2015_31_basic\OpenCVApplication.cpp(622,15): warning C4244: 'initializing': conversion from 'double' to 'float', possible loss of data
C:\Users\Alexandru Andercou\Desktop\srf1.2\OpenCVApplication-VS2015_31_basic\OpenCVApplication-VS2015_31_basic\OpenCVApplication.cpp(686,23): warning C4244: 'return': conversion from 'double' to 'float', possible loss of data
C:\Users\Alexandru Andercou\Desktop\srf1.2\OpenCVApplication-VS2015_31_basic\OpenCVApplication-VS2015_31_basic\OpenCVApplication.cpp(723,8): warning C4244: 'initializing': conversion from 'double' to 'int', possible loss of data
C:\Users\Alexandru Andercou\Desktop\srf1.2\OpenCVApplication-VS2015_31_basic\OpenCVApplication-VS2015_31_basic\OpenCVApplication.cpp(742,13): warning C4244: 'initializing': conversion from 'float' to 'int', possible loss of data
C:\Users\Alexandru Andercou\Desktop\srf1.2\OpenCVApplication-VS2015_31_basic\OpenCVApplication-VS2015_31_basic\OpenCVApplication.cpp(816,11): warning C4244: 'initializing': conversion from 'float' to 'int', possible loss of data
C:\Users\Alexandru Andercou\Desktop\srf1.2\OpenCVApplication-VS2015_31_basic\OpenCVApplication-VS2015_31_basic\OpenCVApplication.cpp(835,11): warning C4244: 'initializing': conversion from 'float' to 'int', possible loss of data
C:\Users\Alexandru Andercou\Desktop\srf1.2\OpenCVApplication-VS2015_31_basic\OpenCVApplication-VS2015_31_basic\OpenCVApplication.cpp(966,20): warning C4267: '=': conversion from 'size_t' to 'int', possible loss of data
C:\Users\Alexandru Andercou\Desktop\srf1.2\OpenCVApplication-VS2015_31_basic\OpenCVApplication-VS2015_31_basic\OpenCVApplication.cpp(967,20): warning C4267: '=': conversion from 'size_t' to 'int', possible loss of data
C:\Users\Alexandru Andercou\Desktop\srf1.2\OpenCVApplication-VS2015_31_basic\OpenCVApplication-VS2015_31_basic\OpenCVApplication.cpp(982,22): warning C4267: '=': conversion from 'size_t' to 'int', possible loss of data
C:\Users\Alexandru Andercou\Desktop\srf1.2\OpenCVApplication-VS2015_31_basic\OpenCVApplication-VS2015_31_basic\OpenCVApplication.cpp(983,22): warning C4267: '=': conversion from 'size_t' to 'int', possible loss of data
C:\Users\Alexandru Andercou\Desktop\srf1.2\OpenCVApplication-VS2015_31_basic\OpenCVApplication-VS2015_31_basic\OpenCVApplication.cpp(1000,24): warning C4267: '=': conversion from 'size_t' to 'int', possible loss of data
C:\Users\Alexandru Andercou\Desktop\srf1.2\OpenCVApplication-VS2015_31_basic\OpenCVApplication-VS2015_31_basic\OpenCVApplication.cpp(1215,22): warning C4244: '+=': conversion from 'double' to 'float', possible loss of data
C:\Users\Alexandru Andercou\Desktop\srf1.2\OpenCVApplication-VS2015_31_basic\OpenCVApplication-VS2015_31_basic\OpenCVApplication.cpp(1223,12): warning C4244: 'initializing': conversion from '_Tp' to 'int', possible loss of data
          with
          [
              _Tp=double
          ]
C:\Users\Alexandru Andercou\Desktop\srf1.2\OpenCVApplication-VS2015_31_basic\OpenCVApplication-VS2015_31_basic\OpenCVApplication.cpp(1223,42): warning C4244: 'initializing': conversion from '_Tp' to 'int', possible loss of data
          with
          [
              _Tp=double
          ]
C:\Users\Alexandru Andercou\Desktop\srf1.2\OpenCVApplication-VS2015_31_basic\OpenCVApplication-VS2015_31_basic\OpenCVApplication.cpp(1226,28): warning C4244: '=': conversion from '_Tp' to 'int', possible loss of data
          with
          [
              _Tp=double
          ]
C:\Users\Alexandru Andercou\Desktop\srf1.2\OpenCVApplication-VS2015_31_basic\OpenCVApplication-VS2015_31_basic\OpenCVApplication.cpp(1229,28): warning C4244: '=': conversion from '_Tp' to 'int', possible loss of data
          with
          [
              _Tp=double
          ]
C:\Users\Alexandru Andercou\Desktop\srf1.2\OpenCVApplication-VS2015_31_basic\OpenCVApplication-VS2015_31_basic\OpenCVApplication.cpp(1238,81): warning C4244: 'argument': conversion from '_Ty' to 'int', possible loss of data
          with
          [
              _Ty=double
          ]
C:\Users\Alexandru Andercou\Desktop\srf1.2\OpenCVApplication-VS2015_31_basic\OpenCVApplication-VS2015_31_basic\OpenCVApplication.cpp(1238,47): warning C4244: 'argument': conversion from '_Ty' to 'int', possible loss of data
          with
          [
              _Ty=double
          ]
C:\Users\Alexandru Andercou\Desktop\srf1.2\OpenCVApplication-VS2015_31_basic\OpenCVApplication-VS2015_31_basic\OpenCVApplication.cpp(1243,108): warning C4244: 'argument': conversion from '_Tp' to 'int', possible loss of data
          with
          [
              _Tp=double
          ]
C:\Users\Alexandru Andercou\Desktop\srf1.2\OpenCVApplication-VS2015_31_basic\OpenCVApplication-VS2015_31_basic\OpenCVApplication.cpp(1243,64): warning C4244: 'argument': conversion from '_Tp' to 'int', possible loss of data
          with
          [
              _Tp=double
          ]
C:\Users\Alexandru Andercou\Desktop\srf1.2\OpenCVApplication-VS2015_31_basic\OpenCVApplication-VS2015_31_basic\OpenCVApplication.cpp(1250,17): warning C4305: 'initializing': truncation from 'double' to 'float'
C:\Users\Alexandru Andercou\Desktop\srf1.2\OpenCVApplication-VS2015_31_basic\OpenCVApplication-VS2015_31_basic\OpenCVApplication.cpp(1254,29): warning C4244: '+=': conversion from '_Tp' to 'float', possible loss of data
          with
          [
              _Tp=double
          ]
C:\Users\Alexandru Andercou\Desktop\srf1.2\OpenCVApplication-VS2015_31_basic\OpenCVApplication-VS2015_31_basic\OpenCVApplication.cpp(1261,30): warning C4244: '+=': conversion from '_Tp' to 'float', possible loss of data
          with
          [
              _Tp=double
          ]
C:\Users\Alexandru Andercou\Desktop\srf1.2\OpenCVApplication-VS2015_31_basic\OpenCVApplication-VS2015_31_basic\OpenCVApplication.cpp(1339,22): warning C4244: '+=': conversion from 'double' to 'float', possible loss of data
C:\Users\Alexandru Andercou\Desktop\srf1.2\OpenCVApplication-VS2015_31_basic\OpenCVApplication-VS2015_31_basic\OpenCVApplication.cpp(1347,12): warning C4244: 'initializing': conversion from '_Tp' to 'int', possible loss of data
          with
          [
              _Tp=double
          ]
C:\Users\Alexandru Andercou\Desktop\srf1.2\OpenCVApplication-VS2015_31_basic\OpenCVApplication-VS2015_31_basic\OpenCVApplication.cpp(1347,42): warning C4244: 'initializing': conversion from '_Tp' to 'int', possible loss of data
          with
          [
              _Tp=double
          ]
C:\Users\Alexandru Andercou\Desktop\srf1.2\OpenCVApplication-VS2015_31_basic\OpenCVApplication-VS2015_31_basic\OpenCVApplication.cpp(1350,28): warning C4244: '=': conversion from '_Tp' to 'int', possible loss of data
          with
          [
              _Tp=double
          ]
C:\Users\Alexandru Andercou\Desktop\srf1.2\OpenCVApplication-VS2015_31_basic\OpenCVApplication-VS2015_31_basic\OpenCVApplication.cpp(1353,28): warning C4244: '=': conversion from '_Tp' to 'int', possible loss of data
          with
          [
              _Tp=double
          ]
C:\Users\Alexandru Andercou\Desktop\srf1.2\OpenCVApplication-VS2015_31_basic\OpenCVApplication-VS2015_31_basic\OpenCVApplication.cpp(1365,81): warning C4244: 'argument': conversion from '_Ty' to 'int', possible loss of data
          with
          [
              _Ty=double
          ]
C:\Users\Alexandru Andercou\Desktop\srf1.2\OpenCVApplication-VS2015_31_basic\OpenCVApplication-VS2015_31_basic\OpenCVApplication.cpp(1365,47): warning C4244: 'argument': conversion from '_Ty' to 'int', possible loss of data
          with
          [
              _Ty=double
          ]
C:\Users\Alexandru Andercou\Desktop\srf1.2\OpenCVApplication-VS2015_31_basic\OpenCVApplication-VS2015_31_basic\OpenCVApplication.cpp(1377,17): warning C4305: 'initializing': truncation from 'double' to 'float'
C:\Users\Alexandru Andercou\Desktop\srf1.2\OpenCVApplication-VS2015_31_basic\OpenCVApplication-VS2015_31_basic\OpenCVApplication.cpp(1511,40): warning C4267: 'argument': conversion from 'size_t' to 'int', possible loss of data
C:\Users\Alexandru Andercou\Desktop\srf1.2\OpenCVApplication-VS2015_31_basic\OpenCVApplication-VS2015_31_basic\OpenCVApplication.cpp(1514,35): warning C4244: '=': conversion from '_Tp' to '_Tp', possible loss of data
          with
          [
              _Tp=int
          ]
          and
          [
              _Tp=float
          ]
C:\Users\Alexandru Andercou\Desktop\srf1.2\OpenCVApplication-VS2015_31_basic\OpenCVApplication-VS2015_31_basic\OpenCVApplication.cpp(1515,35): warning C4244: '=': conversion from '_Tp' to '_Tp', possible loss of data
          with
          [
              _Tp=int
          ]
          and
          [
              _Tp=float
          ]
C:\Users\Alexandru Andercou\Desktop\srf1.2\OpenCVApplication-VS2015_31_basic\OpenCVApplication-VS2015_31_basic\OpenCVApplication.cpp(1598,49): warning C4244: 'argument': conversion from '_Tp' to '_Tp', possible loss of data
          with
          [
              _Tp=float
          ]
          and
          [
              _Tp=uchar
          ]
C:\Users\Alexandru Andercou\Desktop\srf1.2\OpenCVApplication-VS2015_31_basic\OpenCVApplication-VS2015_31_basic\OpenCVApplication.cpp(1598,16): warning C4244: 'argument': conversion from '_Tp' to '_Tp', possible loss of data
          with
          [
              _Tp=float
          ]
          and
          [
              _Tp=uchar
          ]
C:\Users\Alexandru Andercou\Desktop\srf1.2\OpenCVApplication-VS2015_31_basic\OpenCVApplication-VS2015_31_basic\OpenCVApplication.cpp(1597,46): warning C4244: 'argument': conversion from '_Tp' to '_Tp', possible loss of data
          with
          [
              _Tp=float
          ]
          and
          [
              _Tp=uchar
          ]
C:\Users\Alexandru Andercou\Desktop\srf1.2\OpenCVApplication-VS2015_31_basic\OpenCVApplication-VS2015_31_basic\OpenCVApplication.cpp(1497,8): warning C4101: 'F': unreferenced local variable
C:\Users\Alexandru Andercou\Desktop\srf1.2\OpenCVApplication-VS2015_31_basic\OpenCVApplication-VS2015_31_basic\OpenCVApplication.cpp(886): warning C4715: 'weight': not all control paths return a value
C:\Users\Alexandru Andercou\Desktop\srf1.2\OpenCVApplication-VS2015_31_basic\OpenCVApplication-VS2015_31_basic\OpenCVApplication.cpp(861): warning C4717: 'Hough': recursive on all control paths, function will cause runtime stack overflow
  OpenCVApplication.vcxproj -> C:\Users\Alexandru Andercou\Desktop\srf1.2\OpenCVApplication-VS2015_31_basic\OpenCVApplication-VS2015_31_basic\x64\Debug\OpenCVApplication.exe
  OpenCV\dll\Debug\opencv_ffmpeg310_64.dll
  OpenCV\dll\Debug\opencv_world310d.dll
          2 file(s) copied.
