  OpenCVApplication.cpp
C:\Users\Alexandru Andercou\Desktop\srf1.2\OpenCVApplication-VS2015_31_basic\OpenCVApplication-VS2015_31_basic\OpenCVApplication.cpp(442,18): warning C4244: '=': conversion from 'float' to 'int', possible loss of data
C:\Users\Alexandru Andercou\Desktop\srf1.2\OpenCVApplication-VS2015_31_basic\OpenCVApplication-VS2015_31_basic\OpenCVApplication.cpp(444,17): warning C4244: '=': conversion from 'float' to 'int', possible loss of data
C:\Users\Alexandru Andercou\Desktop\srf1.2\OpenCVApplication-VS2015_31_basic\OpenCVApplication-VS2015_31_basic\OpenCVApplication.cpp(453,109): warning C4244: '=': conversion from 'double' to 'float', possible loss of data
C:\Users\Alexandru Andercou\Desktop\srf1.2\OpenCVApplication-VS2015_31_basic\OpenCVApplication-VS2015_31_basic\OpenCVApplication.cpp(454,16): warning C4244: '=': conversion from 'double' to 'float', possible loss of data
C:\Users\Alexandru Andercou\Desktop\srf1.2\OpenCVApplication-VS2015_31_basic\OpenCVApplication-VS2015_31_basic\OpenCVApplication.cpp(484,22): warning C4244: 'argument': conversion from 'float' to '_Tp', possible loss of data
          with
          [
              _Tp=int
          ]
C:\Users\Alexandru Andercou\Desktop\srf1.2\OpenCVApplication-VS2015_31_basic\OpenCVApplication-VS2015_31_basic\OpenCVApplication.cpp(484,44): warning C4244: 'argument': conversion from 'float' to '_Tp', possible loss of data
          with
          [
              _Tp=int
          ]
C:\Users\Alexandru Andercou\Desktop\srf1.2\OpenCVApplication-VS2015_31_basic\OpenCVApplication-VS2015_31_basic\OpenCVApplication.cpp(493,21): warning C4554: '&': check operator precedence for possible error; use parentheses to clarify precedence
C:\Users\Alexandru Andercou\Desktop\srf1.2\OpenCVApplication-VS2015_31_basic\OpenCVApplication-VS2015_31_basic\OpenCVApplication.cpp(495,26): warning C4244: 'argument': conversion from 'float' to '_Tp', possible loss of data
          with
          [
              _Tp=int
          ]
C:\Users\Alexandru Andercou\Desktop\srf1.2\OpenCVApplication-VS2015_31_basic\OpenCVApplication-VS2015_31_basic\OpenCVApplication.cpp(495,23): warning C4244: 'argument': conversion from 'float' to '_Tp', possible loss of data
          with
          [
              _Tp=int
          ]
C:\Users\Alexandru Andercou\Desktop\srf1.2\OpenCVApplication-VS2015_31_basic\OpenCVApplication-VS2015_31_basic\OpenCVApplication.cpp(496,27): warning C4244: 'argument': conversion from 'float' to '_Tp', possible loss of data
          with
          [
              _Tp=int
          ]
C:\Users\Alexandru Andercou\Desktop\srf1.2\OpenCVApplication-VS2015_31_basic\OpenCVApplication-VS2015_31_basic\OpenCVApplication.cpp(496,24): warning C4244: 'argument': conversion from 'float' to '_Tp', possible loss of data
          with
          [
              _Tp=int
          ]
C:\Users\Alexandru Andercou\Desktop\srf1.2\OpenCVApplication-VS2015_31_basic\OpenCVApplication-VS2015_31_basic\OpenCVApplication.cpp(505,11): warning C4244: 'initializing': conversion from 'float' to 'int', possible loss of data
C:\Users\Alexandru Andercou\Desktop\srf1.2\OpenCVApplication-VS2015_31_basic\OpenCVApplication-VS2015_31_basic\OpenCVApplication.cpp(524,11): warning C4244: 'initializing': conversion from 'float' to 'int', possible loss of data
C:\Users\Alexandru Andercou\Desktop\srf1.2\OpenCVApplication-VS2015_31_basic\OpenCVApplication-VS2015_31_basic\OpenCVApplication.cpp(567,17): warning C4305: 'initializing': truncation from 'double' to 'float'
C:\Users\Alexandru Andercou\Desktop\srf1.2\OpenCVApplication-VS2015_31_basic\OpenCVApplication-VS2015_31_basic\OpenCVApplication.cpp(588,20): warning C4267: '=': conversion from 'size_t' to 'int', possible loss of data
C:\Users\Alexandru Andercou\Desktop\srf1.2\OpenCVApplication-VS2015_31_basic\OpenCVApplication-VS2015_31_basic\OpenCVApplication.cpp(597,11): warning C4305: '=': truncation from 'double' to 'float'
C:\Users\Alexandru Andercou\Desktop\srf1.2\OpenCVApplication-VS2015_31_basic\OpenCVApplication-VS2015_31_basic\OpenCVApplication.cpp(599,11): warning C4305: '=': truncation from 'double' to 'float'
C:\Users\Alexandru Andercou\Desktop\srf1.2\OpenCVApplication-VS2015_31_basic\OpenCVApplication-VS2015_31_basic\OpenCVApplication.cpp(600,18): warning C4244: '=': conversion from 'double' to 'int', possible loss of data
C:\Users\Alexandru Andercou\Desktop\srf1.2\OpenCVApplication-VS2015_31_basic\OpenCVApplication-VS2015_31_basic\OpenCVApplication.cpp(622,15): warning C4244: 'initializing': conversion from 'double' to 'float', possible loss of data
C:\Users\Alexandru Andercou\Desktop\srf1.2\OpenCVApplication-VS2015_31_basic\OpenCVApplication-VS2015_31_basic\OpenCVApplication.cpp(686,23): warning C4244: 'return': conversion from 'double' to 'float', possible loss of data
C:\Users\Alexandru Andercou\Desktop\srf1.2\OpenCVApplication-VS2015_31_basic\OpenCVApplication-VS2015_31_basic\OpenCVApplication.cpp(723,8): warning C4244: 'initializing': conversion from 'double' to 'int', possible loss of data
C:\Users\Alexandru Andercou\Desktop\srf1.2\OpenCVApplication-VS2015_31_basic\OpenCVApplication-VS2015_31_basic\OpenCVApplication.cpp(742,13): warning C4244: 'initializing': conversion from 'float' to 'int', possible loss of data
C:\Users\Alexandru Andercou\Desktop\srf1.2\OpenCVApplication-VS2015_31_basic\OpenCVApplication-VS2015_31_basic\OpenCVApplication.cpp(816,11): warning C4244: 'initializing': conversion from 'float' to 'int', possible loss of data
C:\Users\Alexandru Andercou\Desktop\srf1.2\OpenCVApplication-VS2015_31_basic\OpenCVApplication-VS2015_31_basic\OpenCVApplication.cpp(835,11): warning C4244: 'initializing': conversion from 'float' to 'int', possible loss of data
C:\Users\Alexandru Andercou\Desktop\srf1.2\OpenCVApplication-VS2015_31_basic\OpenCVApplication-VS2015_31_basic\OpenCVApplication.cpp(966,20): warning C4267: '=': conversion from 'size_t' to 'int', possible loss of data
C:\Users\Alexandru Andercou\Desktop\srf1.2\OpenCVApplication-VS2015_31_basic\OpenCVApplication-VS2015_31_basic\OpenCVApplication.cpp(967,20): warning C4267: '=': conversion from 'size_t' to 'int', possible loss of data
C:\Users\Alexandru Andercou\Desktop\srf1.2\OpenCVApplication-VS2015_31_basic\OpenCVApplication-VS2015_31_basic\OpenCVApplication.cpp(982,22): warning C4267: '=': conversion from 'size_t' to 'int', possible loss of data
C:\Users\Alexandru Andercou\Desktop\srf1.2\OpenCVApplication-VS2015_31_basic\OpenCVApplication-VS2015_31_basic\OpenCVApplication.cpp(983,22): warning C4267: '=': conversion from 'size_t' to 'int', possible loss of data
C:\Users\Alexandru Andercou\Desktop\srf1.2\OpenCVApplication-VS2015_31_basic\OpenCVApplication-VS2015_31_basic\OpenCVApplication.cpp(1000,24): warning C4267: '=': conversion from 'size_t' to 'int', possible loss of data
C:\Users\Alexandru Andercou\Desktop\srf1.2\OpenCVApplication-VS2015_31_basic\OpenCVApplication-VS2015_31_basic\OpenCVApplication.cpp(1215,22): warning C4244: '+=': conversion from 'double' to 'float', possible loss of data
C:\Users\Alexandru Andercou\Desktop\srf1.2\OpenCVApplication-VS2015_31_basic\OpenCVApplication-VS2015_31_basic\OpenCVApplication.cpp(1223,12): warning C4244: 'initializing': conversion from '_Tp' to 'int', possible loss of data
          with
          [
              _Tp=double
          ]
C:\Users\Alexandru Andercou\Desktop\srf1.2\OpenCVApplication-VS2015_31_basic\OpenCVApplication-VS2015_31_basic\OpenCVApplication.cpp(1223,42): warning C4244: 'initializing': conversion from '_Tp' to 'int', possible loss of data
          with
          [
              _Tp=double
          ]
C:\Users\Alexandru Andercou\Desktop\srf1.2\OpenCVApplication-VS2015_31_basic\OpenCVApplication-VS2015_31_basic\OpenCVApplication.cpp(1226,28): warning C4244: '=': conversion from '_Tp' to 'int', possible loss of data
          with
          [
              _Tp=double
          ]
C:\Users\Alexandru Andercou\Desktop\srf1.2\OpenCVApplication-VS2015_31_basic\OpenCVApplication-VS2015_31_basic\OpenCVApplication.cpp(1229,28): warning C4244: '=': conversion from '_Tp' to 'int', possible loss of data
          with
          [
              _Tp=double
          ]
C:\Users\Alexandru Andercou\Desktop\srf1.2\OpenCVApplication-VS2015_31_basic\OpenCVApplication-VS2015_31_basic\OpenCVApplication.cpp(1238,81): warning C4244: 'argument': conversion from '_Ty' to 'int', possible loss of data
          with
          [
              _Ty=double
          ]
C:\Users\Alexandru Andercou\Desktop\srf1.2\OpenCVApplication-VS2015_31_basic\OpenCVApplication-VS2015_31_basic\OpenCVApplication.cpp(1238,47): warning C4244: 'argument': conversion from '_Ty' to 'int', possible loss of data
          with
          [
              _Ty=double
          ]
C:\Users\Alexandru Andercou\Desktop\srf1.2\OpenCVApplication-VS2015_31_basic\OpenCVApplication-VS2015_31_basic\OpenCVApplication.cpp(1243,108): warning C4244: 'argument': conversion from '_Tp' to 'int', possible loss of data
          with
          [
              _Tp=double
          ]
C:\Users\Alexandru Andercou\Desktop\srf1.2\OpenCVApplication-VS2015_31_basic\OpenCVApplication-VS2015_31_basic\OpenCVApplication.cpp(1243,64): warning C4244: 'argument': conversion from '_Tp' to 'int', possible loss of data
          with
          [
              _Tp=double
          ]
C:\Users\Alexandru Andercou\Desktop\srf1.2\OpenCVApplication-VS2015_31_basic\OpenCVApplication-VS2015_31_basic\OpenCVApplication.cpp(1250,17): warning C4305: 'initializing': truncation from 'double' to 'float'
C:\Users\Alexandru Andercou\Desktop\srf1.2\OpenCVApplication-VS2015_31_basic\OpenCVApplication-VS2015_31_basic\OpenCVApplication.cpp(1254,29): warning C4244: '+=': conversion from '_Tp' to 'float', possible loss of data
          with
          [
              _Tp=double
          ]
C:\Users\Alexandru Andercou\Desktop\srf1.2\OpenCVApplication-VS2015_31_basic\OpenCVApplication-VS2015_31_basic\OpenCVApplication.cpp(1261,30): warning C4244: '+=': conversion from '_Tp' to 'float', possible loss of data
          with
          [
              _Tp=double
          ]
C:\Users\Alexandru Andercou\Desktop\srf1.2\OpenCVApplication-VS2015_31_basic\OpenCVApplication-VS2015_31_basic\OpenCVApplication.cpp(1339,22): warning C4244: '+=': conversion from 'double' to 'float', possible loss of data
C:\Users\Alexandru Andercou\Desktop\srf1.2\OpenCVApplication-VS2015_31_basic\OpenCVApplication-VS2015_31_basic\OpenCVApplication.cpp(1347,12): warning C4244: 'initializing': conversion from '_Tp' to 'int', possible loss of data
          with
          [
              _Tp=double
          ]
C:\Users\Alexandru Andercou\Desktop\srf1.2\OpenCVApplication-VS2015_31_basic\OpenCVApplication-VS2015_31_basic\OpenCVApplication.cpp(1347,42): warning C4244: 'initializing': conversion from '_Tp' to 'int', possible loss of data
          with
          [
              _Tp=double
          ]
C:\Users\Alexandru Andercou\Desktop\srf1.2\OpenCVApplication-VS2015_31_basic\OpenCVApplication-VS2015_31_basic\OpenCVApplication.cpp(1350,28): warning C4244: '=': conversion from '_Tp' to 'int', possible loss of data
          with
          [
              _Tp=double
          ]
C:\Users\Alexandru Andercou\Desktop\srf1.2\OpenCVApplication-VS2015_31_basic\OpenCVApplication-VS2015_31_basic\OpenCVApplication.cpp(1353,28): warning C4244: '=': conversion from '_Tp' to 'int', possible loss of data
          with
          [
              _Tp=double
          ]
C:\Users\Alexandru Andercou\Desktop\srf1.2\OpenCVApplication-VS2015_31_basic\OpenCVApplication-VS2015_31_basic\OpenCVApplication.cpp(1365,81): warning C4244: 'argument': conversion from '_Ty' to 'int', possible loss of data
          with
          [
              _Ty=double
          ]
C:\Users\Alexandru Andercou\Desktop\srf1.2\OpenCVApplication-VS2015_31_basic\OpenCVApplication-VS2015_31_basic\OpenCVApplication.cpp(1365,47): warning C4244: 'argument': conversion from '_Ty' to 'int', possible loss of data
          with
          [
              _Ty=double
          ]
C:\Users\Alexandru Andercou\Desktop\srf1.2\OpenCVApplication-VS2015_31_basic\OpenCVApplication-VS2015_31_basic\OpenCVApplication.cpp(1377,17): warning C4305: 'initializing': truncation from 'double' to 'float'
C:\Users\Alexandru Andercou\Desktop\srf1.2\OpenCVApplication-VS2015_31_basic\OpenCVApplication-VS2015_31_basic\OpenCVApplication.cpp(1511,40): warning C4267: 'argument': conversion from 'size_t' to 'int', possible loss of data
C:\Users\Alexandru Andercou\Desktop\srf1.2\OpenCVApplication-VS2015_31_basic\OpenCVApplication-VS2015_31_basic\OpenCVApplication.cpp(1514,35): warning C4244: '=': conversion from '_Tp' to '_Tp', possible loss of data
          with
          [
              _Tp=int
          ]
          and
          [
              _Tp=float
          ]
C:\Users\Alexandru Andercou\Desktop\srf1.2\OpenCVApplication-VS2015_31_basic\OpenCVApplication-VS2015_31_basic\OpenCVApplication.cpp(1515,35): warning C4244: '=': conversion from '_Tp' to '_Tp', possible loss of data
          with
          [
              _Tp=int
          ]
          and
          [
              _Tp=float
          ]
C:\Users\Alexandru Andercou\Desktop\srf1.2\OpenCVApplication-VS2015_31_basic\OpenCVApplication-VS2015_31_basic\OpenCVApplication.cpp(1598,49): warning C4244: 'argument': conversion from '_Tp' to '_Tp', possible loss of data
          with
          [
              _Tp=float
          ]
          and
          [
              _Tp=uchar
          ]
C:\Users\Alexandru Andercou\Desktop\srf1.2\OpenCVApplication-VS2015_31_basic\OpenCVApplication-VS2015_31_basic\OpenCVApplication.cpp(1598,16): warning C4244: 'argument': conversion from '_Tp' to '_Tp', possible loss of data
          with
          [
              _Tp=float
          ]
          and
          [
              _Tp=uchar
          ]
C:\Users\Alexandru Andercou\Desktop\srf1.2\OpenCVApplication-VS2015_31_basic\OpenCVApplication-VS2015_31_basic\OpenCVApplication.cpp(1597,46): warning C4244: 'argument': conversion from '_Tp' to '_Tp', possible loss of data
          with
          [
              _Tp=float
          ]
          and
          [
              _Tp=uchar
          ]
C:\Users\Alexandru Andercou\Desktop\srf1.2\OpenCVApplication-VS2015_31_basic\OpenCVApplication-VS2015_31_basic\OpenCVApplication.cpp(1497,8): warning C4101: 'F': unreferenced local variable
C:\Users\Alexandru Andercou\Desktop\srf1.2\OpenCVApplication-VS2015_31_basic\OpenCVApplication-VS2015_31_basic\OpenCVApplication.cpp(1943,40): warning C4244: '+=': conversion from '_Tp' to 'int', possible loss of data
          with
          [
              _Tp=double
          ]
C:\Users\Alexandru Andercou\Desktop\srf1.2\OpenCVApplication-VS2015_31_basic\OpenCVApplication-VS2015_31_basic\OpenCVApplication.cpp(1945,32): warning C4244: '+=': conversion from '_Tp' to 'int', possible loss of data
          with
          [
              _Tp=double
          ]
C:\Users\Alexandru Andercou\Desktop\srf1.2\OpenCVApplication-VS2015_31_basic\OpenCVApplication-VS2015_31_basic\OpenCVApplication.cpp(2190,50): warning C4244: 'argument': conversion from 'double' to 'int', possible loss of data
C:\Users\Alexandru Andercou\Desktop\srf1.2\OpenCVApplication-VS2015_31_basic\OpenCVApplication-VS2015_31_basic\OpenCVApplication.cpp(2195,49): warning C4244: 'argument': conversion from 'double' to 'int', possible loss of data
C:\Users\Alexandru Andercou\Desktop\srf1.2\OpenCVApplication-VS2015_31_basic\OpenCVApplication-VS2015_31_basic\OpenCVApplication.cpp(2291,20): warning C4244: '=': conversion from 'double' to 'float', possible loss of data
C:\Program Files\Microsoft Visual Studio\2022\Community\VC\Tools\MSVC\14.33.31629\include\utility(229,16): warning C4244: 'initializing': conversion from 'const _Ty1' to '_Ty1', possible loss of data
          with
          [
              _Ty1=double
          ]
          and
          [
              _Ty1=int
          ]
C:\Program Files\Microsoft Visual Studio\2022\Community\VC\Tools\MSVC\14.33.31629\include\algorithm(7154): message : see reference to function template instantiation 'std::pair<int,double>::pair<double,int,0>(const std::pair<double,int> &) noexcept' being compiled
C:\Program Files\Microsoft Visual Studio\2022\Community\VC\Tools\MSVC\14.33.31629\include\algorithm(7154): message : see reference to function template instantiation 'std::pair<int,double>::pair<double,int,0>(const std::pair<double,int> &) noexcept' being compiled
C:\Program Files\Microsoft Visual Studio\2022\Community\VC\Tools\MSVC\14.33.31629\include\algorithm(7278): message : see reference to function template instantiation '_BidIt std::_Insertion_sort_unchecked<_RanIt,_Pr>(const _BidIt,const _BidIt,_Pr)' being compiled
          with
          [
              _BidIt=std::pair<double,int> *,
              _RanIt=std::pair<double,int> *,
              _Pr=std::greater<std::pair<int,double>>
          ]
C:\Program Files\Microsoft Visual Studio\2022\Community\VC\Tools\MSVC\14.33.31629\include\algorithm(7308): message : see reference to function template instantiation 'void std::_Sort_unchecked<std::pair<double,int>*,_Fn>(_RanIt,_RanIt,__int64,_Pr)' being compiled
          with
          [
              _Fn=std::greater<std::pair<int,double>>,
              _RanIt=std::pair<double,int> *,
              _Pr=std::greater<std::pair<int,double>>
          ]
C:\Users\Alexandru Andercou\Desktop\srf1.2\OpenCVApplication-VS2015_31_basic\OpenCVApplication-VS2015_31_basic\OpenCVApplication.cpp(1896): message : see reference to function template instantiation 'void std::sort<std::_Vector_iterator<std::_Vector_val<std::_Simple_types<_Ty>>>,std::greater<std::pair<int,double>>>(const _RanIt,const _RanIt,_Pr)' being compiled
          with
          [
              _Ty=std::pair<double,int>,
              _RanIt=std::_Vector_iterator<std::_Vector_val<std::_Simple_types<std::pair<double,int>>>>,
              _Pr=std::greater<std::pair<int,double>>
          ]
  Generating code
  2 of 138 functions ( 1.4%) were compiled, the rest were copied from previous compilation.
    0 functions were new in current compilation
    0 functions had inline decision re-evaluated but remain unchanged
  Finished generating code
  OpenCVApplication.vcxproj -> C:\Users\Alexandru Andercou\Desktop\srf1.2\OpenCVApplication-VS2015_31_basic\OpenCVApplication-VS2015_31_basic\x64\Release\OpenCVApplication.exe
  OpenCV\dll\Release\opencv_ffmpeg310_64.dll
  OpenCV\dll\Release\opencv_world310.dll
          2 file(s) copied.
